wo 10-06-2020 
18:26
started  
c:\Documents_C\SWAN_standalone\optimum_mud_layer_thickness\kranenburg_2011_figure_5\DELFT\INPUT  
finished 
wo 10-06-2020 
18:26
wo 10-06-2020 
18:27
started  
c:\Documents_C\SWAN_standalone\optimum_mud_layer_thickness\kranenburg_2011_figure_5\DELFT\INPUT  
finished 
wo 10-06-2020 
18:27
wo 10-06-2020 
18:31
started  
c:\Documents_C\SWAN_standalone\optimum_mud_layer_thickness\kranenburg_2011_figure_5\DELFT\INPUT  
finished 
wo 10-06-2020 
18:31
wo 10-06-2020 
18:33
started  
c:\Documents_C\SWAN_standalone\optimum_mud_layer_thickness\kranenburg_2011_figure_5\DELFT\INPUT  
finished 
wo 10-06-2020 
18:33
wo 10-06-2020 
18:34
started  
c:\Documents_C\SWAN_standalone\optimum_mud_layer_thickness\kranenburg_2011_figure_5\DELFT\INPUT  
finished 
wo 10-06-2020 
18:34
wo 10-06-2020 
18:36
started  
c:\Documents_C\SWAN_standalone\optimum_mud_layer_thickness\kranenburg_2011_figure_5\DELFT\INPUT  
finished 
wo 10-06-2020 
18:37
wo 10-06-2020 
18:39
started  
c:\Documents_C\SWAN_standalone\optimum_mud_layer_thickness\kranenburg_2011_figure_5\DELFT\INPUT  
finished 
wo 10-06-2020 
18:39
wo 10-06-2020 
18:39
started  
c:\Documents_C\SWAN_standalone\optimum_mud_layer_thickness\kranenburg_2011_figure_5\DELFT\INPUT  
finished 
wo 10-06-2020 
18:39
wo 10-06-2020 
18:41
started  
c:\Documents_C\SWAN_standalone\optimum_mud_layer_thickness\kranenburg_2011_figure_5\DELFT\INPUT  
finished 
wo 10-06-2020 
18:41
wo 10-06-2020 
18:43
started  
c:\Documents_C\SWAN_standalone\optimum_mud_layer_thickness\kranenburg_2011_figure_5\DELFT\INPUT  
finished 
wo 10-06-2020 
18:43
wo 10-06-2020 
18:51
started  
c:\Documents_C\SWAN_standalone\optimum_mud_layer_thickness\kranenburg_2011_figure_5\DELFT\INPUT  
finished 
wo 10-06-2020 
18:51
wo 10-06-2020 
19:03
started  
c:\Documents_C\SWAN_standalone\optimum_mud_layer_thickness\kranenburg_2011_figure_5\DELFT\INPUT  
finished 
wo 10-06-2020 
19:03
wo 10-06-2020 
19:04
started  
c:\Documents_C\SWAN_standalone\optimum_mud_layer_thickness\kranenburg_2011_figure_5\DELFT\INPUT  
finished 
wo 10-06-2020 
19:04
wo 10-06-2020 
19:04
started  
c:\Documents_C\SWAN_standalone\optimum_mud_layer_thickness\kranenburg_2011_figure_5\DELFT\INPUT  
finished 
wo 10-06-2020 
19:04
wo 10-06-2020 
19:06
started  
c:\Documents_C\SWAN_standalone\optimum_mud_layer_thickness\kranenburg_2011_figure_5\DELFT\INPUT  
finished 
wo 10-06-2020 
19:06
wo 10-06-2020 
19:06
started  
c:\Documents_C\SWAN_standalone\optimum_mud_layer_thickness\kranenburg_2011_figure_5\DELFT\INPUT  
finished 
wo 10-06-2020 
19:06
wo 10-06-2020 
19:07
started  
c:\Documents_C\SWAN_standalone\optimum_mud_layer_thickness\kranenburg_2011_figure_5\DELFT\INPUT  
finished 
wo 10-06-2020 
19:07
do 11-06-2020 
13:50
started  
c:\Documents_C\SWAN_standalone\optimum_mud_layer_thickness\kranenburg_2011_figure_5\DELFT\INPUT  
finished 
do 11-06-2020 
13:50
do 11-06-2020 
13:51
started  
c:\Documents_C\SWAN_standalone\optimum_mud_layer_thickness\kranenburg_2011_figure_5\DELFT\INPUT  
finished 
do 11-06-2020 
13:51
do 11-06-2020 
13:52
started  
c:\Documents_C\SWAN_standalone\optimum_mud_layer_thickness\kranenburg_2011_figure_5\DELFT\INPUT  
finished 
do 11-06-2020 
13:52
do 11-06-2020 
13:53
started  
c:\Documents_C\SWAN_standalone\optimum_mud_layer_thickness\kranenburg_2011_figure_5\DELFT\INPUT  
finished 
do 11-06-2020 
13:53
do 11-06-2020 
13:53
started  
c:\Documents_C\SWAN_standalone\optimum_mud_layer_thickness\kranenburg_2011_figure_5\DELFT\INPUT  
finished 
do 11-06-2020 
13:53
do 11-06-2020 
13:57
started  
c:\Documents_C\SWAN_standalone\optimum_mud_layer_thickness\kranenburg_2011_figure_5\DELFT\INPUT  
finished 
do 11-06-2020 
13:57
do 11-06-2020 
13:57
started  
c:\Documents_C\SWAN_standalone\optimum_mud_layer_thickness\kranenburg_2011_figure_5\DELFT\INPUT  
finished 
do 11-06-2020 
13:57
do 11-06-2020 
13:59
started  
c:\Documents_C\SWAN_standalone\optimum_mud_layer_thickness\kranenburg_2011_figure_5\DELFT\INPUT  
finished 
do 11-06-2020 
13:59
do 11-06-2020 
14:00
started  
c:\Documents_C\SWAN_standalone\optimum_mud_layer_thickness\kranenburg_2011_figure_5\DELFT\INPUT  
finished 
do 11-06-2020 
14:00
do 11-06-2020 
14:02
started  
c:\Documents_C\SWAN_standalone\optimum_mud_layer_thickness\kranenburg_2011_figure_5\DELFT\INPUT  
finished 
do 11-06-2020 
14:02
do 11-06-2020 
14:04
started  
c:\Documents_C\SWAN_standalone\optimum_mud_layer_thickness\kranenburg_2011_figure_5\DELFT\INPUT  
finished 
do 11-06-2020 
14:04
do 11-06-2020 
14:05
started  
c:\Documents_C\SWAN_standalone\optimum_mud_layer_thickness\kranenburg_2011_figure_5\DELFT\INPUT  
finished 
do 11-06-2020 
14:05
do 11-06-2020 
14:06
started  
c:\Documents_C\SWAN_standalone\optimum_mud_layer_thickness\kranenburg_2011_figure_5\DELFT\INPUT  
finished 
do 11-06-2020 
14:06
do 11-06-2020 
14:09
started  
c:\Documents_C\SWAN_standalone\optimum_mud_layer_thickness\kranenburg_2011_figure_5\DELFT\INPUT  
finished 
do 11-06-2020 
14:09
do 11-06-2020 
14:10
started  
c:\Documents_C\SWAN_standalone\optimum_mud_layer_thickness\kranenburg_2011_figure_5\DELFT\INPUT  
finished 
do 11-06-2020 
14:10
do 11-06-2020 
14:11
started  
c:\Documents_C\SWAN_standalone\optimum_mud_layer_thickness\kranenburg_2011_figure_5\DELFT\INPUT  
finished 
do 11-06-2020 
14:11
do 11-06-2020 
14:14
started  
c:\Documents_C\SWAN_standalone\optimum_mud_layer_thickness\kranenburg_2011_figure_5\DELFT\INPUT  
finished 
do 11-06-2020 
14:14
do 11-06-2020 
14:43
started  
c:\Documents_C\SWAN_standalone\optimum_mud_layer_thickness\kranenburg_2011_figure_5\DELFT\INPUT  
finished 
do 11-06-2020 
14:43
do 11-06-2020 
15:05
started  
c:\Documents_C\SWAN_standalone\optimum_mud_layer_thickness\kranenburg_2011_figure_5\DELFT\INPUT  
finished 
do 11-06-2020 
15:05
do 18-06-2020 
01:26
started  
c:\Documents_C\SWAN_standalone\optimum_mud_layer_thickness\SURINAME\DELFT\INPUT  
finished 
do 18-06-2020 
01:26
do 18-06-2020 
01:27
started  
c:\Documents_C\SWAN_standalone\optimum_mud_layer_thickness\SURINAME\DELFT\INPUT  
finished 
do 18-06-2020 
01:27
do 18-06-2020 
01:28
started  
c:\Documents_C\SWAN_standalone\optimum_mud_layer_thickness\SURINAME\DELFT\INPUT  
finished 
do 18-06-2020 
01:28
do 18-06-2020 
01:29
started  
c:\Documents_C\SWAN_standalone\optimum_mud_layer_thickness\SURINAME\DELFT\INPUT  
finished 
do 18-06-2020 
01:29
do 18-06-2020 
01:30
started  
c:\Documents_C\SWAN_standalone\optimum_mud_layer_thickness\SURINAME\DELFT\INPUT  
finished 
do 18-06-2020 
01:30
do 18-06-2020 
01:31
started  
c:\Documents_C\SWAN_standalone\optimum_mud_layer_thickness\SURINAME\DELFT\INPUT  
finished 
do 18-06-2020 
01:31
do 18-06-2020 
01:32
started  
c:\Documents_C\SWAN_standalone\optimum_mud_layer_thickness\SURINAME\DELFT\INPUT  
finished 
do 18-06-2020 
01:32
do 18-06-2020 
01:33
started  
c:\Documents_C\SWAN_standalone\optimum_mud_layer_thickness\SURINAME\DELFT\INPUT  
finished 
do 18-06-2020 
01:33
do 18-06-2020 
01:34
started  
c:\Documents_C\SWAN_standalone\optimum_mud_layer_thickness\SURINAME\DELFT\INPUT  
finished 
do 18-06-2020 
01:34
do 18-06-2020 
01:34
started  
c:\Documents_C\SWAN_standalone\optimum_mud_layer_thickness\SURINAME\DELFT\INPUT  
finished 
do 18-06-2020 
01:34
do 18-06-2020 
01:35
started  
c:\Documents_C\SWAN_standalone\optimum_mud_layer_thickness\SURINAME\DELFT\INPUT  
finished 
do 18-06-2020 
01:35
do 18-06-2020 
01:36
started  
c:\Documents_C\SWAN_standalone\optimum_mud_layer_thickness\SURINAME\DELFT\INPUT  
finished 
do 18-06-2020 
01:36
do 18-06-2020 
01:37
started  
c:\Documents_C\SWAN_standalone\optimum_mud_layer_thickness\SURINAME\DELFT\INPUT  
finished 
do 18-06-2020 
01:37
do 18-06-2020 
01:37
started  
c:\Documents_C\SWAN_standalone\optimum_mud_layer_thickness\SURINAME\DELFT\INPUT  
finished 
do 18-06-2020 
01:38
do 18-06-2020 
01:39
started  
c:\Documents_C\SWAN_standalone\optimum_mud_layer_thickness\SURINAME\DELFT\INPUT  
finished 
do 18-06-2020 
01:39
vr 26-06-2020 
11:11
started  
c:\Documents_C\SWAN_standalone\optimum_mud_layer_thickness\SURINAME\DELFT\INPUT  
finished 
vr 26-06-2020 
11:11
vr 26-06-2020 
11:13
started  
c:\Documents_C\SWAN_standalone\optimum_mud_layer_thickness\SURINAME\DELFT\INPUT  
finished 
vr 26-06-2020 
11:13
vr 26-06-2020 
11:14
started  
c:\Documents_C\SWAN_standalone\optimum_mud_layer_thickness\SURINAME\DELFT\INPUT  
finished 
vr 26-06-2020 
11:14
vr 26-06-2020 
11:15
started  
c:\Documents_C\SWAN_standalone\optimum_mud_layer_thickness\SURINAME\DELFT\INPUT  
finished 
vr 26-06-2020 
11:15
vr 26-06-2020 
11:16
started  
c:\Documents_C\SWAN_standalone\optimum_mud_layer_thickness\SURINAME\DELFT\INPUT  
finished 
vr 26-06-2020 
11:16
vr 26-06-2020 
11:17
started  
c:\Documents_C\SWAN_standalone\optimum_mud_layer_thickness\SURINAME\DELFT\INPUT  
finished 
vr 26-06-2020 
11:17
vr 26-06-2020 
11:18
started  
c:\Documents_C\SWAN_standalone\optimum_mud_layer_thickness\SURINAME\DELFT\INPUT  
finished 
vr 26-06-2020 
11:18
